{
  "RSpec": {
    "coverage": {
      "/Users/ryanclark/Projects/trivia/app/models/user.rb": [
        1,
        null,
        null,
        null,
        1,
        null,
        null,
        null,
        1,
        null,
        null
      ],
      "/Users/ryanclark/Projects/trivia/app/controllers/application_controller.rb": [
        1,
        1,
        null
      ],
      "/Users/ryanclark/Projects/trivia/app/helpers/application_helper.rb": [
        1,
        null
      ],
      "/Users/ryanclark/Projects/trivia/app/helpers/answers_helper.rb": [
        1,
        null
      ],
      "/Users/ryanclark/Projects/trivia/app/helpers/questions_helper.rb": [
        1,
        null
      ],
      "/Users/ryanclark/Projects/trivia/app/helpers/static_pages_helper.rb": [
        1,
        null
      ],
      "/Users/ryanclark/Projects/trivia/app/controllers/answers_controller.rb": [
        1,
        null,
        1,
        null,
        null,
        null,
        1,
        0,
        null,
        0,
        0,
        0,
        null,
        null,
        null,
        null,
        null,
        1,
        0,
        0,
        null,
        0,
        0,
        0,
        null,
        null,
        null,
        null,
        null,
        1,
        0,
        0,
        null,
        0,
        0,
        0,
        null,
        null,
        null,
        null,
        1,
        0,
        null,
        null,
        null,
        null,
        1,
        0,
        0,
        null,
        0,
        0,
        0,
        0,
        null,
        0,
        0,
        null,
        null,
        null,
        null,
        null,
        null,
        1,
        0,
        null,
        0,
        0,
        0,
        0,
        null,
        0,
        0,
        null,
        null,
        null,
        null,
        null,
        null,
        1,
        0,
        0,
        0,
        null,
        0,
        0,
        0,
        null,
        null,
        null,
        1,
        null,
        null,
        null,
        null,
        1,
        0,
        null,
        null
      ],
      "/Users/ryanclark/Projects/trivia/app/models/answer.rb": [
        1,
        1,
        null,
        1,
        null,
        1,
        null,
        null
      ],
      "/Users/ryanclark/Projects/trivia/app/controllers/questions_controller.rb": [
        1,
        null,
        1,
        null,
        null,
        null,
        1,
        1,
        null,
        1,
        1,
        1,
        null,
        null,
        null,
        null,
        null,
        1,
        0,
        null,
        0,
        0,
        0,
        null,
        null,
        null,
        null,
        null,
        1,
        0,
        null,
        0,
        0,
        0,
        null,
        null,
        null,
        null,
        1,
        0,
        null,
        null,
        null,
        null,
        1,
        0,
        null,
        0,
        0,
        0,
        0,
        null,
        0,
        0,
        null,
        null,
        null,
        null,
        null,
        null,
        1,
        0,
        null,
        0,
        0,
        0,
        0,
        null,
        0,
        0,
        null,
        null,
        null,
        null,
        null,
        null,
        1,
        0,
        0,
        null,
        0,
        0,
        0,
        null,
        null,
        null,
        1,
        null,
        null,
        null,
        null,
        1,
        0,
        null,
        null
      ],
      "/Users/ryanclark/Projects/trivia/app/models/question.rb": [
        1,
        1,
        1,
        1,
        1,
        null,
        1,
        null
      ],
      "/Users/ryanclark/Projects/trivia/app/uploaders/image_uploader.rb": [
        null,
        null,
        1,
        null,
        null,
        1,
        null,
        null,
        null,
        1,
        1,
        null,
        null,
        1,
        null,
        1,
        1,
        null,
        null,
        null,
        1,
        0,
        null,
        null,
        null,
        null,
        null,
        null,
        null,
        null,
        null,
        null,
        null,
        null,
        null,
        null,
        null,
        null,
        null,
        null,
        1,
        1,
        null,
        null,
        null,
        null,
        null,
        null,
        null,
        null,
        null,
        null,
        null,
        null,
        null,
        null,
        null
      ],
      "/Users/ryanclark/Projects/trivia/app/controllers/static_pages_controller.rb": [
        1,
        1,
        null,
        null
      ]
    },
    "timestamp": 1372381234
  }
}
